12:11:12.749 [main] INFO  api.test.UserTests - ********** Creating User ************
12:11:16.067 [main] INFO  api.test.UserTests - ********** User is Created **********
12:11:16.089 [main] INFO  api.test.UserTests - ******* Reading User Info ***********
12:11:17.279 [main] INFO  api.test.UserTests - ******** User Info Displayed ******** 
12:11:17.286 [main] INFO  api.test.UserTests - ***** updating user ************
12:11:18.438 [main] INFO  api.test.UserTests - ******** UserData Updated ********
12:11:19.592 [main] INFO  api.test.UserTests - ******** User Deleted ***********
15:55:44.274 [main] INFO  api.test.UserTests - ********** Creating User ************
15:55:45.439 [main] INFO  api.test.UserTests - ********** User is Created **********
15:55:45.452 [main] INFO  api.test.UserTests - ******* Reading User Info ***********
15:55:46.525 [main] INFO  api.test.UserTests - ******** User Info Displayed ******** 
15:55:46.525 [main] INFO  api.test.UserTests - ***** updating user ************
15:55:47.611 [main] INFO  api.test.UserTests - ******** UserData Updated ********
15:55:48.689 [main] INFO  api.test.UserTests - ******** User Deleted ***********
10:34:21.912 [main] INFO  api.test.UserTests2 - ********** Creating User ************
10:34:25.590 [main] INFO  api.test.UserTests2 - ********** User is Created **********
10:34:25.616 [main] INFO  api.test.UserTests2 - ******* Reading User Info ***********
10:34:26.738 [main] INFO  api.test.UserTests2 - ******** User Info Displayed ******** 
10:34:26.745 [main] INFO  api.test.UserTests2 - ***** updating user ************
10:34:27.889 [main] INFO  api.test.UserTests2 - ******** UserData Updated ********
10:34:29.017 [main] INFO  api.test.UserTests2 - ******** User Deleted ***********
10:46:55.336 [main] INFO  api.test.UserTests2 - ********** Creating User ************
10:46:58.843 [main] INFO  api.test.UserTests2 - ********** User is Created **********
10:46:58.866 [main] INFO  api.test.UserTests2 - ******* Reading User Info ***********
10:47:00.036 [main] INFO  api.test.UserTests2 - ******** User Info Displayed ******** 
10:47:00.040 [main] INFO  api.test.UserTests2 - ***** updating user ************
10:47:01.180 [main] INFO  api.test.UserTests2 - ******** UserData Updated ********
10:47:02.344 [main] INFO  api.test.UserTests2 - ******** User Deleted ***********
10:48:12.790 [main] INFO  api.test.UserTests2 - ********** Creating User ************
10:48:16.724 [main] INFO  api.test.UserTests2 - ********** User is Created **********
10:48:16.747 [main] INFO  api.test.UserTests2 - ******* Reading User Info ***********
10:48:17.902 [main] INFO  api.test.UserTests2 - ******** User Info Displayed ******** 
10:48:17.905 [main] INFO  api.test.UserTests2 - ***** updating user ************
10:48:19.045 [main] INFO  api.test.UserTests2 - ******** UserData Updated ********
10:48:20.187 [main] INFO  api.test.UserTests2 - ******** User Deleted ***********
10:58:26.555 [main] INFO  api.test.UserTests2 - ********** Creating User ************
10:58:30.683 [main] INFO  api.test.UserTests2 - ********** User is Created **********
10:58:30.737 [main] INFO  api.test.UserTests2 - ******* Reading User Info ***********
10:58:31.948 [main] INFO  api.test.UserTests2 - ******** User Info Displayed ******** 
10:58:31.948 [main] INFO  api.test.UserTests2 - ***** updating user ************
10:58:33.107 [main] INFO  api.test.UserTests2 - ******** UserData Updated ********
10:58:34.223 [main] INFO  api.test.UserTests2 - ******** User Deleted ***********
